<?xml version="1.0" encoding="UTF-8"?>
<!-- Generated by org.testng.reporters.JUnitReportReporter -->
<testsuite hostname="INPHWN167453" failures="0" tests="1" name="com.harman.test.LoginUITest" time="12.497" errors="0" timestamp="2022-04-20T22:14:41 IST" skipped="0">
  <testcase classname="com.harman.test.LoginUITest" name="validateTitleTest" time="12.497"/>
  <system-out/>
</testsuite> <!-- com.harman.test.LoginUITest -->
