<?xml version="1.0" encoding="UTF-8"?>
<!-- Generated by org.testng.reporters.JUnitReportReporter -->
<testsuite hostname="INPHWN167453" failures="0" tests="2" name="com.harman.test.LoginTest" time="23.446" errors="0" timestamp="2022-04-20T21:04:20 IST" skipped="0">
  <testcase classname="com.harman.test.LoginTest" name="validCredentialTest" time="12.196"/>
  <system-out/>
  <testcase classname="com.harman.test.LoginTest" name="validCredentialTest" time="11.250"/>
  <system-out/>
</testsuite> <!-- com.harman.test.LoginTest -->
