<?xml version="1.0" encoding="UTF-8"?>
<!-- Generated by org.testng.reporters.JUnitReportReporter -->
<testsuite hostname="INPHWN167453" failures="0" tests="2" name="com.harman.test.LoginTest" time="29.246" errors="0" timestamp="2022-04-20T20:13:00 IST" skipped="0">
  <testcase classname="com.harman.test.LoginTest" name="validCredentialTest" time="12.922"/>
  <system-out/>
  <testcase classname="com.harman.test.LoginTest" name="invalidCredentialTest" time="16.324"/>
  <system-out/>
</testsuite> <!-- com.harman.test.LoginTest -->
